[03:14:11] [ServerMain/INFO]: Environment: Environment[sessionHost=https://sessionserver.mojang.com, servicesHost=https://api.minecraftservices.com, name=PROD]
[03:14:13] [ServerMain/INFO]: Loaded 7 recipes
[03:14:13] [ServerMain/INFO]: Loaded 1271 advancements
[03:14:13] [Server thread/INFO]: Starting minecraft server version 1.20.4
[03:14:13] [Server thread/INFO]: Loading properties
[03:14:13] [Server thread/INFO]: Default game type: SURVIVAL
[03:14:13] [Server thread/INFO]: Generating keypair
[03:14:14] [Server thread/INFO]: Starting Minecraft server on *:25565
[03:14:14] [Server thread/INFO]: Using epoll channel type
[03:14:14] [Server thread/WARN]: **** SERVER IS RUNNING IN OFFLINE/INSECURE MODE!
[03:14:14] [Server thread/WARN]: The server will make no attempt to authenticate usernames. Beware.
[03:14:14] [Server thread/WARN]: While this makes the game possible to play without internet access, it also opens up the ability for hackers to connect with any username they choose.
[03:14:14] [Server thread/WARN]: To change this, set "online-mode" to "true" in the server.properties file.
[03:14:14] [Server thread/INFO]: Preparing level "world"
[03:14:16] [Server thread/INFO]: Preparing start region for dimension minecraft:overworld
[03:14:17] [Worker-Main-1/INFO]: Preparing spawn area: 0%
[03:14:17] [Worker-Main-2/INFO]: Preparing spawn area: 0%
[03:14:17] [Worker-Main-1/INFO]: Preparing spawn area: 0%
[03:14:18] [Worker-Main-3/INFO]: Preparing spawn area: 0%
[03:14:18] [Worker-Main-2/INFO]: Preparing spawn area: 0%
[03:14:19] [Worker-Main-2/INFO]: Preparing spawn area: 1%
[03:14:19] [Worker-Main-3/INFO]: Preparing spawn area: 3%
[03:14:20] [Worker-Main-2/INFO]: Preparing spawn area: 14%
[03:14:20] [Worker-Main-3/INFO]: Preparing spawn area: 39%
[03:14:20] [Server thread/INFO]: Time elapsed: 4301 ms
[03:14:20] [Server thread/INFO]: Done (6.745s)! For help, type "help"
[03:14:47] [Server thread/INFO]: Marconi[/[0:0:0:0:0:0:0:1%0]:41830] logged in with entity id 203 at (33.85556056488457, 63.0, 42.15828554871195)
[03:14:47] [Server thread/INFO]: Marconi joined the game
[03:35:49] [Server thread/WARN]: Mismatch in destroy block pos: hx{x=155, y=110, z=28} hx{x=158, y=114, z=25}
[04:17:33] [Server thread/INFO]: Marconi lost connection: Disconnected
[04:17:33] [Server thread/INFO]: Marconi left the game
